<?xml version="1.0" encoding="UTF-8"?>
<!-- Generated by org.testng.reporters.JUnitXMLReporter -->
<testsuite hostname="EPUAKHAW5257" ignored="1" tests="4" failures="2" timestamp="06 Feb 2018 15:37:11 GMT" time="95.409" errors="0">
  <testcase name="searchWithCorrectData" time="6.59" classname="SearchTests"/>
  <testcase name="searchWithIncorrectData" time="1.594" classname="SearchTests"/>
  <testcase name="searchByProductCategory" time="11.838" classname="SearchTests">
    <failure type="com.codeborne.selenide.ex.ElementNotFound" message="Element not found {By.className: //li[@class=&amp;apos;item&amp;apos;]}
Expected: visible">
      <![CDATA[Element not found {By.className: //li[@class='item']}Expected: visibleScreenshot: file:/D:/gitHabRepo/sashabaliuk/selenide/build/reports/tests/1517931409180.0.pngPage source: file:/D:/gitHabRepo/sashabaliuk/selenide/build/reports/tests/1517931409180.0.htmlTimeout: 4 s.Caused by: java.lang.IndexOutOfBoundsException: Index: 2, Size: 0at com.codeborne.selenide.impl.CollectionElement.createElementNotFoundError(CollectionElement.java:52)at com.codeborne.selenide.impl.WebElementSource.checkCondition(WebElementSource.java:59)at com.codeborne.selenide.commands.Should.should(Should.java:35)at com.codeborne.selenide.commands.Should.execute(Should.java:29)at com.codeborne.selenide.commands.Should.execute(Should.java:12)at com.codeborne.selenide.commands.Commands.execute(Commands.java:144)at com.codeborne.selenide.impl.SelenideElementProxy.dispatchAndRetry(SelenideElementProxy.java:87)at com.codeborne.selenide.impl.SelenideElementProxy.invoke(SelenideElementProxy.java:63)at com.sun.proxy.$Proxy5.shouldHave(Unknown Source)at SearchTests.searchByProductCategory(SearchTests.java:39)Caused by: java.lang.IndexOutOfBoundsException: Index: 2, Size: 0at java.util.ArrayList.rangeCheck(ArrayList.java:657)at java.util.ArrayList.get(ArrayList.java:433)at com.codeborne.selenide.impl.CollectionElement.getWebElement(CollectionElement.java:40)at com.codeborne.selenide.impl.WebElementSource.checkCondition(WebElementSource.java:44)... 37 more... Removed 29 stack frames]]>
    </failure>
  </testcase> <!-- searchByProductCategory -->
  <testcase name="searchByProductCategoryWithAdditionalParameters" time="13.352" classname="SearchTests">
    <failure type="com.codeborne.selenide.ex.ElementNotFound" message="Element not found {By.className: //li[@class=&amp;apos;item&amp;apos;]}
Expected: visible">
      <![CDATA[Element not found {By.className: //li[@class='item']}Expected: visibleScreenshot: file:/D:/gitHabRepo/sashabaliuk/selenide/build/reports/tests/1517931425739.1.pngPage source: file:/D:/gitHabRepo/sashabaliuk/selenide/build/reports/tests/1517931425739.1.htmlTimeout: 4 s.Caused by: java.lang.IndexOutOfBoundsException: Index: 0, Size: 0at com.codeborne.selenide.impl.CollectionElement.createElementNotFoundError(CollectionElement.java:52)at com.codeborne.selenide.impl.WebElementSource.checkCondition(WebElementSource.java:59)at com.codeborne.selenide.commands.Should.should(Should.java:35)at com.codeborne.selenide.commands.Should.execute(Should.java:29)at com.codeborne.selenide.commands.Should.execute(Should.java:12)at com.codeborne.selenide.commands.Commands.execute(Commands.java:144)at com.codeborne.selenide.impl.SelenideElementProxy.dispatchAndRetry(SelenideElementProxy.java:87)at com.codeborne.selenide.impl.SelenideElementProxy.invoke(SelenideElementProxy.java:63)at com.sun.proxy.$Proxy5.shouldHave(Unknown Source)at SearchTests.searchByProductCategoryWithAdditionalParameters(SearchTests.java:48)Caused by: java.lang.IndexOutOfBoundsException: Index: 0, Size: 0at java.util.ArrayList.rangeCheck(ArrayList.java:657)at java.util.ArrayList.get(ArrayList.java:433)at com.codeborne.selenide.impl.CollectionElement.getWebElement(CollectionElement.java:40)at com.codeborne.selenide.impl.WebElementSource.checkCondition(WebElementSource.java:44)... 37 more... Removed 29 stack frames]]>
    </failure>
  </testcase> <!-- searchByProductCategoryWithAdditionalParameters -->
  <testcase name="searchWomenProducts" time="0.0" classname="SearchTests">
    <ignored/>
  </testcase> <!-- searchWomenProducts -->
</testsuite>
