<?xml version="1.0" encoding="UTF-8"?>
<testng-results skipped="0" failed="2" ignored="1" total="5" passed="2">
  <reporter-output>
  </reporter-output>
  <suite name="Search test suite" duration-ms="95409" started-at="2018-02-06T15:35:36Z" finished-at="2018-02-06T15:37:11Z">
    <groups>
    </groups>
    <test name="test" duration-ms="95409" started-at="2018-02-06T15:35:36Z" finished-at="2018-02-06T15:37:11Z">
      <class name="SearchTests">
        <test-method status="PASS" signature="init()[pri:0, instance:SearchTests@4157f54e]" name="init" is-config="true" duration-ms="47023" started-at="2018-02-06T17:35:36Z" finished-at="2018-02-06T17:36:23Z">
          <reporter-output>
          </reporter-output>
        </test-method> <!-- init -->
        <test-method status="PASS" signature="searchWithCorrectData()[pri:0, instance:SearchTests@4157f54e]" name="searchWithCorrectData" duration-ms="6590" started-at="2018-02-06T17:36:23Z" finished-at="2018-02-06T17:36:29Z">
          <reporter-output>
          </reporter-output>
        </test-method> <!-- searchWithCorrectData -->
        <test-method status="PASS" signature="afterMethod()[pri:0, instance:SearchTests@4157f54e]" name="afterMethod" is-config="true" duration-ms="3874" started-at="2018-02-06T17:36:29Z" finished-at="2018-02-06T17:36:33Z">
          <reporter-output>
          </reporter-output>
        </test-method> <!-- afterMethod -->
        <test-method status="PASS" signature="searchWithIncorrectData()[pri:0, instance:SearchTests@4157f54e]" name="searchWithIncorrectData" duration-ms="1594" started-at="2018-02-06T17:36:33Z" finished-at="2018-02-06T17:36:35Z">
          <reporter-output>
          </reporter-output>
        </test-method> <!-- searchWithIncorrectData -->
        <test-method status="PASS" signature="afterMethod()[pri:0, instance:SearchTests@4157f54e]" name="afterMethod" is-config="true" duration-ms="3421" started-at="2018-02-06T17:36:35Z" finished-at="2018-02-06T17:36:38Z">
          <reporter-output>
          </reporter-output>
        </test-method> <!-- afterMethod -->
        <test-method status="FAIL" signature="searchByProductCategory()[pri:0, instance:SearchTests@4157f54e]" name="searchByProductCategory" duration-ms="11838" started-at="2018-02-06T17:36:38Z" finished-at="2018-02-06T17:36:50Z">
          <exception class="com.codeborne.selenide.ex.ElementNotFound">
            <message>
              <![CDATA[Element not found {By.className: //li[@class='item']}Expected: visible]]>
            </message>
            <full-stacktrace>
              <![CDATA[Element not found {By.className: //li[@class='item']}Expected: visibleScreenshot: file:/D:/gitHabRepo/sashabaliuk/selenide/build/reports/tests/1517931409180.0.pngPage source: file:/D:/gitHabRepo/sashabaliuk/selenide/build/reports/tests/1517931409180.0.htmlTimeout: 4 s.Caused by: java.lang.IndexOutOfBoundsException: Index: 2, Size: 0at com.codeborne.selenide.impl.CollectionElement.createElementNotFoundError(CollectionElement.java:52)at com.codeborne.selenide.impl.WebElementSource.checkCondition(WebElementSource.java:59)at com.codeborne.selenide.commands.Should.should(Should.java:35)at com.codeborne.selenide.commands.Should.execute(Should.java:29)at com.codeborne.selenide.commands.Should.execute(Should.java:12)at com.codeborne.selenide.commands.Commands.execute(Commands.java:144)at com.codeborne.selenide.impl.SelenideElementProxy.dispatchAndRetry(SelenideElementProxy.java:87)at com.codeborne.selenide.impl.SelenideElementProxy.invoke(SelenideElementProxy.java:63)at com.sun.proxy.$Proxy5.shouldHave(Unknown Source)at SearchTests.searchByProductCategory(SearchTests.java:39)at sun.reflect.NativeMethodAccessorImpl.invoke0(Native Method)at sun.reflect.NativeMethodAccessorImpl.invoke(NativeMethodAccessorImpl.java:62)at sun.reflect.DelegatingMethodAccessorImpl.invoke(DelegatingMethodAccessorImpl.java:43)at java.lang.reflect.Method.invoke(Method.java:498)at org.testng.internal.MethodInvocationHelper.invokeMethod(MethodInvocationHelper.java:124)at org.testng.internal.Invoker.invokeMethod(Invoker.java:571)at org.testng.internal.Invoker.invokeTestMethod(Invoker.java:707)at org.testng.internal.Invoker.invokeTestMethods(Invoker.java:979)at org.testng.internal.TestMethodWorker.invokeTestMethods(TestMethodWorker.java:125)at org.testng.internal.TestMethodWorker.run(TestMethodWorker.java:109)at org.testng.TestRunner.privateRun(TestRunner.java:648)at org.testng.TestRunner.run(TestRunner.java:505)at org.testng.SuiteRunner.runTest(SuiteRunner.java:455)at org.testng.SuiteRunner.runSequentially(SuiteRunner.java:450)at org.testng.SuiteRunner.privateRun(SuiteRunner.java:415)at org.testng.SuiteRunner.run(SuiteRunner.java:364)at org.testng.SuiteRunnerWorker.runSuite(SuiteRunnerWorker.java:52)at org.testng.SuiteRunnerWorker.run(SuiteRunnerWorker.java:84)at org.testng.TestNG.runSuitesSequentially(TestNG.java:1187)at org.testng.TestNG.runSuitesLocally(TestNG.java:1116)at org.testng.TestNG.runSuites(TestNG.java:1028)at org.testng.TestNG.run(TestNG.java:996)at org.apache.maven.surefire.testng.TestNGExecutor.run(TestNGExecutor.java:283)at org.apache.maven.surefire.testng.TestNGXmlTestSuite.execute(TestNGXmlTestSuite.java:75)at org.apache.maven.surefire.testng.TestNGProvider.invoke(TestNGProvider.java:120)at org.apache.maven.surefire.booter.ForkedBooter.invokeProviderInSameClassLoader(ForkedBooter.java:373)at org.apache.maven.surefire.booter.ForkedBooter.runSuitesInProcess(ForkedBooter.java:334)at org.apache.maven.surefire.booter.ForkedBooter.execute(ForkedBooter.java:119)at org.apache.maven.surefire.booter.ForkedBooter.main(ForkedBooter.java:407)Caused by: java.lang.IndexOutOfBoundsException: Index: 2, Size: 0at java.util.ArrayList.rangeCheck(ArrayList.java:657)at java.util.ArrayList.get(ArrayList.java:433)at com.codeborne.selenide.impl.CollectionElement.getWebElement(CollectionElement.java:40)at com.codeborne.selenide.impl.WebElementSource.checkCondition(WebElementSource.java:44)... 37 more]]>
            </full-stacktrace>
          </exception> <!-- com.codeborne.selenide.ex.ElementNotFound -->
          <reporter-output>
          </reporter-output>
        </test-method> <!-- searchByProductCategory -->
        <test-method status="PASS" signature="afterMethod()[pri:0, instance:SearchTests@4157f54e]" name="afterMethod" is-config="true" duration-ms="2471" started-at="2018-02-06T17:36:50Z" finished-at="2018-02-06T17:36:52Z">
          <reporter-output>
          </reporter-output>
        </test-method> <!-- afterMethod -->
        <test-method status="FAIL" signature="searchByProductCategoryWithAdditionalParameters()[pri:0, instance:SearchTests@4157f54e]" name="searchByProductCategoryWithAdditionalParameters" duration-ms="13352" started-at="2018-02-06T17:36:52Z" finished-at="2018-02-06T17:37:06Z">
          <exception class="com.codeborne.selenide.ex.ElementNotFound">
            <message>
              <![CDATA[Element not found {By.className: //li[@class='item']}Expected: visible]]>
            </message>
            <full-stacktrace>
              <![CDATA[Element not found {By.className: //li[@class='item']}Expected: visibleScreenshot: file:/D:/gitHabRepo/sashabaliuk/selenide/build/reports/tests/1517931425739.1.pngPage source: file:/D:/gitHabRepo/sashabaliuk/selenide/build/reports/tests/1517931425739.1.htmlTimeout: 4 s.Caused by: java.lang.IndexOutOfBoundsException: Index: 0, Size: 0at com.codeborne.selenide.impl.CollectionElement.createElementNotFoundError(CollectionElement.java:52)at com.codeborne.selenide.impl.WebElementSource.checkCondition(WebElementSource.java:59)at com.codeborne.selenide.commands.Should.should(Should.java:35)at com.codeborne.selenide.commands.Should.execute(Should.java:29)at com.codeborne.selenide.commands.Should.execute(Should.java:12)at com.codeborne.selenide.commands.Commands.execute(Commands.java:144)at com.codeborne.selenide.impl.SelenideElementProxy.dispatchAndRetry(SelenideElementProxy.java:87)at com.codeborne.selenide.impl.SelenideElementProxy.invoke(SelenideElementProxy.java:63)at com.sun.proxy.$Proxy5.shouldHave(Unknown Source)at SearchTests.searchByProductCategoryWithAdditionalParameters(SearchTests.java:48)at sun.reflect.NativeMethodAccessorImpl.invoke0(Native Method)at sun.reflect.NativeMethodAccessorImpl.invoke(NativeMethodAccessorImpl.java:62)at sun.reflect.DelegatingMethodAccessorImpl.invoke(DelegatingMethodAccessorImpl.java:43)at java.lang.reflect.Method.invoke(Method.java:498)at org.testng.internal.MethodInvocationHelper.invokeMethod(MethodInvocationHelper.java:124)at org.testng.internal.Invoker.invokeMethod(Invoker.java:571)at org.testng.internal.Invoker.invokeTestMethod(Invoker.java:707)at org.testng.internal.Invoker.invokeTestMethods(Invoker.java:979)at org.testng.internal.TestMethodWorker.invokeTestMethods(TestMethodWorker.java:125)at org.testng.internal.TestMethodWorker.run(TestMethodWorker.java:109)at org.testng.TestRunner.privateRun(TestRunner.java:648)at org.testng.TestRunner.run(TestRunner.java:505)at org.testng.SuiteRunner.runTest(SuiteRunner.java:455)at org.testng.SuiteRunner.runSequentially(SuiteRunner.java:450)at org.testng.SuiteRunner.privateRun(SuiteRunner.java:415)at org.testng.SuiteRunner.run(SuiteRunner.java:364)at org.testng.SuiteRunnerWorker.runSuite(SuiteRunnerWorker.java:52)at org.testng.SuiteRunnerWorker.run(SuiteRunnerWorker.java:84)at org.testng.TestNG.runSuitesSequentially(TestNG.java:1187)at org.testng.TestNG.runSuitesLocally(TestNG.java:1116)at org.testng.TestNG.runSuites(TestNG.java:1028)at org.testng.TestNG.run(TestNG.java:996)at org.apache.maven.surefire.testng.TestNGExecutor.run(TestNGExecutor.java:283)at org.apache.maven.surefire.testng.TestNGXmlTestSuite.execute(TestNGXmlTestSuite.java:75)at org.apache.maven.surefire.testng.TestNGProvider.invoke(TestNGProvider.java:120)at org.apache.maven.surefire.booter.ForkedBooter.invokeProviderInSameClassLoader(ForkedBooter.java:373)at org.apache.maven.surefire.booter.ForkedBooter.runSuitesInProcess(ForkedBooter.java:334)at org.apache.maven.surefire.booter.ForkedBooter.execute(ForkedBooter.java:119)at org.apache.maven.surefire.booter.ForkedBooter.main(ForkedBooter.java:407)Caused by: java.lang.IndexOutOfBoundsException: Index: 0, Size: 0at java.util.ArrayList.rangeCheck(ArrayList.java:657)at java.util.ArrayList.get(ArrayList.java:433)at com.codeborne.selenide.impl.CollectionElement.getWebElement(CollectionElement.java:40)at com.codeborne.selenide.impl.WebElementSource.checkCondition(WebElementSource.java:44)... 37 more]]>
            </full-stacktrace>
          </exception> <!-- com.codeborne.selenide.ex.ElementNotFound -->
          <reporter-output>
          </reporter-output>
        </test-method> <!-- searchByProductCategoryWithAdditionalParameters -->
        <test-method status="PASS" signature="afterMethod()[pri:0, instance:SearchTests@4157f54e]" name="afterMethod" is-config="true" duration-ms="5178" started-at="2018-02-06T17:37:06Z" finished-at="2018-02-06T17:37:11Z">
          <reporter-output>
          </reporter-output>
        </test-method> <!-- afterMethod -->
      </class> <!-- SearchTests -->
    </test> <!-- test -->
  </suite> <!-- Search test suite -->
</testng-results>
