<?xml version="1.0" encoding="UTF-8"?>
<!-- Generated by org.testng.reporters.JUnitReportReporter -->
<testsuite skipped="0" hostname="EPUAKHAW5257" name="LoginTests" tests="3" failures="2" timestamp="29 Jan 2018 08:10:59 GMT" time="23.043" errors="0">
  <testcase name="loginWithIncorrectData" time="6.816" classname="LoginTests">
    <failure type="com.codeborne.selenide.ex.ElementNotFound" message="Element not found {By.className: header__btn-auth}
Expected: visible">
      <![CDATA[Element not found {By.className: header__btn-auth}Expected: visibleScreenshot: file:/D:/таски/seleniumTask/build/reports/tests/1517213448501.0.pngPage source: file:/D:/таски/seleniumTask/build/reports/tests/1517213448501.0.htmlTimeout: 4 s.Caused by: NoSuchElementException: Unable to locate element: .header__btn\-authat com.codeborne.selenide.impl.WebElementSource.createElementNotFoundError(WebElementSource.java:31)at com.codeborne.selenide.impl.ElementFinder.createElementNotFoundError(ElementFinder.java:82)at com.codeborne.selenide.impl.WebElementSource.checkCondition(WebElementSource.java:59)at com.codeborne.selenide.impl.WebElementSource.findAndAssertElementIsVisible(WebElementSource.java:72)at com.codeborne.selenide.commands.Click.execute(Click.java:16)at com.codeborne.selenide.commands.Click.execute(Click.java:12)at com.codeborne.selenide.commands.Commands.execute(Commands.java:144)at com.codeborne.selenide.impl.SelenideElementProxy.dispatchAndRetry(SelenideElementProxy.java:87)at com.codeborne.selenide.impl.SelenideElementProxy.invoke(SelenideElementProxy.java:63)at com.sun.proxy.$Proxy5.click(Unknown Source)at pages.MainPage.login(MainPage.java:15)at LoginTests.loginWithIncorrectData(LoginTests.java:25)at sun.reflect.NativeMethodAccessorImpl.invoke0(Native Method)at sun.reflect.NativeMethodAccessorImpl.invoke(NativeMethodAccessorImpl.java:62)at sun.reflect.DelegatingMethodAccessorImpl.invoke(DelegatingMethodAccessorImpl.java:43)at java.lang.reflect.Method.invoke(Method.java:498)at org.testng.internal.MethodInvocationHelper.invokeMethod(MethodInvocationHelper.java:124)at org.testng.internal.Invoker.invokeMethod(Invoker.java:571)at org.testng.internal.Invoker.invokeTestMethod(Invoker.java:707)at org.testng.internal.Invoker.invokeTestMethods(Invoker.java:979)at org.testng.internal.TestMethodWorker.invokeTestMethods(TestMethodWorker.java:125)at org.testng.internal.TestMethodWorker.run(TestMethodWorker.java:109)at org.testng.TestRunner.privateRun(TestRunner.java:648)at org.testng.TestRunner.run(TestRunner.java:505)at org.testng.SuiteRunner.runTest(SuiteRunner.java:455)at org.testng.SuiteRunner.runSequentially(SuiteRunner.java:450)at org.testng.SuiteRunner.privateRun(SuiteRunner.java:415)at org.testng.SuiteRunner.run(SuiteRunner.java:364)at org.testng.SuiteRunnerWorker.runSuite(SuiteRunnerWorker.java:52)at org.testng.SuiteRunnerWorker.run(SuiteRunnerWorker.java:84)at org.testng.TestNG.runSuitesSequentially(TestNG.java:1187)at org.testng.TestNG.runSuitesLocally(TestNG.java:1116)at org.testng.TestNG.runSuites(TestNG.java:1028)at org.testng.TestNG.run(TestNG.java:996)at org.apache.maven.surefire.testng.TestNGExecutor.run(TestNGExecutor.java:283)at org.apache.maven.surefire.testng.TestNGXmlTestSuite.execute(TestNGXmlTestSuite.java:75)at org.apache.maven.surefire.testng.TestNGProvider.invoke(TestNGProvider.java:120)at org.apache.maven.surefire.booter.ForkedBooter.invokeProviderInSameClassLoader(ForkedBooter.java:373)at org.apache.maven.surefire.booter.ForkedBooter.runSuitesInProcess(ForkedBooter.java:334)at org.apache.maven.surefire.booter.ForkedBooter.execute(ForkedBooter.java:119)at org.apache.maven.surefire.booter.ForkedBooter.main(ForkedBooter.java:407)Caused by: org.openqa.selenium.NoSuchElementException: Unable to locate element: .header__btn\-authFor documentation on this error, please visit: http://seleniumhq.org/exceptions/no_such_element.htmlBuild info: version: '3.8.1', revision: '6e95a6684b', time: '2017-12-01T18:33:54.468Z'System info: host: 'EPUAKHAW5257', ip: '10.23.13.239', os.name: 'Windows 10', os.arch: 'amd64', os.version: '10.0', java.version: '1.8.0_152'Driver info: org.openqa.selenium.firefox.FirefoxDriverCapabilities {acceptInsecureCerts: true, browserName: firefox, browserVersion: 57.0.4, javascriptEnabled: true, moz:accessibilityChecks: false, moz:headless: false, moz:processID: 51160, moz:profile: C:\Users\Oleksandra_Baliuk\..., moz:webdriverClick: false, pageLoadStrategy: normal, platform: XP, platformName: XP, platformVersion: 10.0, rotatable: false, timeouts: {implicit: 0, pageLoad: 300000, script: 30000}}Session ID: 8f92b16d-58fd-43c7-baf3-461d85e07902*** Element info: {Using=class name, value=header__btn-auth}at sun.reflect.GeneratedConstructorAccessor13.newInstance(Unknown Source)at sun.reflect.DelegatingConstructorAccessorImpl.newInstance(DelegatingConstructorAccessorImpl.java:45)at java.lang.reflect.Constructor.newInstance(Constructor.java:423)at org.openqa.selenium.remote.http.W3CHttpResponseCodec.createException(W3CHttpResponseCodec.java:187)at org.openqa.selenium.remote.http.W3CHttpResponseCodec.decode(W3CHttpResponseCodec.java:122)at org.openqa.selenium.remote.http.W3CHttpResponseCodec.decode(W3CHttpResponseCodec.java:49)at org.openqa.selenium.remote.HttpCommandExecutor.execute(HttpCommandExecutor.java:164)at org.openqa.selenium.remote.service.DriverCommandExecutor.execute(DriverCommandExecutor.java:83)at org.openqa.selenium.remote.RemoteWebDriver.execute(RemoteWebDriver.java:601)at org.openqa.selenium.remote.RemoteWebDriver.findElement(RemoteWebDriver.java:371)at org.openqa.selenium.remote.RemoteWebDriver.findElementByClassName(RemoteWebDriver.java:457)at org.openqa.selenium.By$ByClassName.findElement(By.java:391)at org.openqa.selenium.remote.RemoteWebDriver.findElement(RemoteWebDriver.java:363)at com.codeborne.selenide.impl.WebElementSelector.findElement(WebElementSelector.java:29)at com.codeborne.selenide.impl.ElementFinder.getWebElement(ElementFinder.java:56)at com.codeborne.selenide.impl.WebElementSource.checkCondition(WebElementSource.java:44)... 38 more]]>
    </failure>
  </testcase> <!-- loginWithIncorrectData -->
  <testcase name="loginWithCorrectData" time="9.020" classname="LoginTests"/>
  <testcase name="logOut" time="7.207" classname="LoginTests">
    <failure type="com.codeborne.selenide.ex.ElementNotFound" message="Element not found {By.className: header__btn-auth}
Expected: visible">
      <![CDATA[Element not found {By.className: header__btn-auth}Expected: visibleScreenshot: file:/D:/таски/seleniumTask/build/reports/tests/1517213456205.1.pngPage source: file:/D:/таски/seleniumTask/build/reports/tests/1517213456205.1.htmlTimeout: 4 s.Caused by: NoSuchElementException: Unable to locate element: .header__btn\-authat com.codeborne.selenide.impl.WebElementSource.createElementNotFoundError(WebElementSource.java:31)at com.codeborne.selenide.impl.ElementFinder.createElementNotFoundError(ElementFinder.java:82)at com.codeborne.selenide.impl.WebElementSource.checkCondition(WebElementSource.java:59)at com.codeborne.selenide.impl.WebElementSource.findAndAssertElementIsVisible(WebElementSource.java:72)at com.codeborne.selenide.commands.Click.execute(Click.java:16)at com.codeborne.selenide.commands.Click.execute(Click.java:12)at com.codeborne.selenide.commands.Commands.execute(Commands.java:144)at com.codeborne.selenide.impl.SelenideElementProxy.dispatchAndRetry(SelenideElementProxy.java:87)at com.codeborne.selenide.impl.SelenideElementProxy.invoke(SelenideElementProxy.java:63)at com.sun.proxy.$Proxy5.click(Unknown Source)at pages.MainPage.login(MainPage.java:15)at LoginTests.logOut(LoginTests.java:33)at sun.reflect.NativeMethodAccessorImpl.invoke0(Native Method)at sun.reflect.NativeMethodAccessorImpl.invoke(NativeMethodAccessorImpl.java:62)at sun.reflect.DelegatingMethodAccessorImpl.invoke(DelegatingMethodAccessorImpl.java:43)at java.lang.reflect.Method.invoke(Method.java:498)at org.testng.internal.MethodInvocationHelper.invokeMethod(MethodInvocationHelper.java:124)at org.testng.internal.Invoker.invokeMethod(Invoker.java:571)at org.testng.internal.Invoker.invokeTestMethod(Invoker.java:707)at org.testng.internal.Invoker.invokeTestMethods(Invoker.java:979)at org.testng.internal.TestMethodWorker.invokeTestMethods(TestMethodWorker.java:125)at org.testng.internal.TestMethodWorker.run(TestMethodWorker.java:109)at org.testng.TestRunner.privateRun(TestRunner.java:648)at org.testng.TestRunner.run(TestRunner.java:505)at org.testng.SuiteRunner.runTest(SuiteRunner.java:455)at org.testng.SuiteRunner.runSequentially(SuiteRunner.java:450)at org.testng.SuiteRunner.privateRun(SuiteRunner.java:415)at org.testng.SuiteRunner.run(SuiteRunner.java:364)at org.testng.SuiteRunnerWorker.runSuite(SuiteRunnerWorker.java:52)at org.testng.SuiteRunnerWorker.run(SuiteRunnerWorker.java:84)at org.testng.TestNG.runSuitesSequentially(TestNG.java:1187)at org.testng.TestNG.runSuitesLocally(TestNG.java:1116)at org.testng.TestNG.runSuites(TestNG.java:1028)at org.testng.TestNG.run(TestNG.java:996)at org.apache.maven.surefire.testng.TestNGExecutor.run(TestNGExecutor.java:283)at org.apache.maven.surefire.testng.TestNGXmlTestSuite.execute(TestNGXmlTestSuite.java:75)at org.apache.maven.surefire.testng.TestNGProvider.invoke(TestNGProvider.java:120)at org.apache.maven.surefire.booter.ForkedBooter.invokeProviderInSameClassLoader(ForkedBooter.java:373)at org.apache.maven.surefire.booter.ForkedBooter.runSuitesInProcess(ForkedBooter.java:334)at org.apache.maven.surefire.booter.ForkedBooter.execute(ForkedBooter.java:119)at org.apache.maven.surefire.booter.ForkedBooter.main(ForkedBooter.java:407)Caused by: org.openqa.selenium.NoSuchElementException: Unable to locate element: .header__btn\-authFor documentation on this error, please visit: http://seleniumhq.org/exceptions/no_such_element.htmlBuild info: version: '3.8.1', revision: '6e95a6684b', time: '2017-12-01T18:33:54.468Z'System info: host: 'EPUAKHAW5257', ip: '10.23.13.239', os.name: 'Windows 10', os.arch: 'amd64', os.version: '10.0', java.version: '1.8.0_152'Driver info: org.openqa.selenium.firefox.FirefoxDriverCapabilities {acceptInsecureCerts: true, browserName: firefox, browserVersion: 57.0.4, javascriptEnabled: true, moz:accessibilityChecks: false, moz:headless: false, moz:processID: 51160, moz:profile: C:\Users\Oleksandra_Baliuk\..., moz:webdriverClick: false, pageLoadStrategy: normal, platform: XP, platformName: XP, platformVersion: 10.0, rotatable: false, timeouts: {implicit: 0, pageLoad: 300000, script: 30000}}Session ID: 8f92b16d-58fd-43c7-baf3-461d85e07902*** Element info: {Using=class name, value=header__btn-auth}at sun.reflect.GeneratedConstructorAccessor13.newInstance(Unknown Source)at sun.reflect.DelegatingConstructorAccessorImpl.newInstance(DelegatingConstructorAccessorImpl.java:45)at java.lang.reflect.Constructor.newInstance(Constructor.java:423)at org.openqa.selenium.remote.http.W3CHttpResponseCodec.createException(W3CHttpResponseCodec.java:187)at org.openqa.selenium.remote.http.W3CHttpResponseCodec.decode(W3CHttpResponseCodec.java:122)at org.openqa.selenium.remote.http.W3CHttpResponseCodec.decode(W3CHttpResponseCodec.java:49)at org.openqa.selenium.remote.HttpCommandExecutor.execute(HttpCommandExecutor.java:164)at org.openqa.selenium.remote.service.DriverCommandExecutor.execute(DriverCommandExecutor.java:83)at org.openqa.selenium.remote.RemoteWebDriver.execute(RemoteWebDriver.java:601)at org.openqa.selenium.remote.RemoteWebDriver.findElement(RemoteWebDriver.java:371)at org.openqa.selenium.remote.RemoteWebDriver.findElementByClassName(RemoteWebDriver.java:457)at org.openqa.selenium.By$ByClassName.findElement(By.java:391)at org.openqa.selenium.remote.RemoteWebDriver.findElement(RemoteWebDriver.java:363)at com.codeborne.selenide.impl.WebElementSelector.findElement(WebElementSelector.java:29)at com.codeborne.selenide.impl.ElementFinder.getWebElement(ElementFinder.java:56)at com.codeborne.selenide.impl.WebElementSource.checkCondition(WebElementSource.java:44)... 38 more]]>
    </failure>
  </testcase> <!-- logOut -->
</testsuite> <!-- LoginTests -->
